<?xml version="1.0" encoding="UTF-8"?>
<!-- Generated by org.testng.reporters.JUnitReportReporter -->
<testsuite skipped="0" hostname="Admin-PC" name="weekendbootcamp.HomePageTest" tests="1" failures="0" timestamp="2019-12-28T15:46:32 EST" time="13.457" errors="0">
  <testcase name="linkfunctiolality" time="13.457" classname="weekendbootcamp.HomePageTest"/>
</testsuite> <!-- weekendbootcamp.HomePageTest -->
