<?xml version="1.0" encoding="UTF-8"?>
<!-- Generated by org.testng.reporters.JUnitReportReporter -->
<testsuite skipped="0" hostname="Admin-PC" name="tech.digitalpoint.software.testcases.HomePageTest" tests="1" failures="0" timestamp="2019-12-28T18:12:27 EST" time="12.695" errors="0">
  <testcase name="verifyHomePageTitle" time="12.695" classname="tech.digitalpoint.software.testcases.HomePageTest"/>
</testsuite> <!-- tech.digitalpoint.software.testcases.HomePageTest -->
